[2020-08-13T16:06:25.258] [DEBUG] cheese - login => username:zs,password:123456
[2020-08-13T16:06:25.272] [DEBUG] cheese - zs
[2020-08-13T16:06:25.453] [DEBUG] cheese - null
[2020-08-13T16:06:25.459] [DEBUG] cheese - null
[2020-08-13T16:06:57.493] [DEBUG] cheese - login => username:admin,password:123456
[2020-08-13T16:06:57.493] [DEBUG] cheese - admin
[2020-08-13T16:06:57.506] [DEBUG] cheese - null
[2020-08-13T16:06:57.506] [DEBUG] cheese - null
[2020-08-13T16:13:46.958] [DEBUG] cheese - login => username:admin,password:123456
[2020-08-13T16:13:46.961] [DEBUG] cheese - admin
[2020-08-13T16:13:46.981] [DEBUG] cheese - null
[2020-08-13T16:13:46.983] [DEBUG] cheese - null
[2020-08-13T17:56:26.174] [DEBUG] cheese - login => username:admin,password:123456
[2020-08-13T17:56:26.198] [DEBUG] cheese - admin
[2020-08-13T17:56:26.505] [DEBUG] cheese - null
[2020-08-13T17:56:26.506] [DEBUG] cheese - null
[2020-08-13T17:57:50.857] [DEBUG] cheese - login => username:admin,password:123456
[2020-08-13T17:57:50.858] [DEBUG] cheese - admin
[2020-08-13T17:57:50.868] [DEBUG] cheese - null
[2020-08-13T17:57:50.868] [DEBUG] cheese - null
[2020-08-13T17:58:18.650] [DEBUG] cheese - login => username:admin,password:123456
[2020-08-13T17:58:18.652] [DEBUG] cheese - admin
[2020-08-13T17:58:18.661] [DEBUG] cheese - null
[2020-08-13T17:58:18.661] [DEBUG] cheese - null
[2020-08-14T10:39:29.222] [DEBUG] cheese - login => username:admin,password:123456
[2020-08-14T10:39:29.227] [DEBUG] cheese - admin
[2020-08-14T10:39:29.739] [DEBUG] cheese - null
[2020-08-14T10:39:29.739] [DEBUG] cheese - null
[2020-08-14T10:39:38.293] [DEBUG] cheese - login => username:admin,password:123456
[2020-08-14T10:39:38.293] [DEBUG] cheese - admin
[2020-08-14T10:39:38.339] [DEBUG] cheese - null
[2020-08-14T10:39:38.339] [DEBUG] cheese - null
[2020-08-14T10:41:03.418] [DEBUG] cheese - login => username:admin,password:123456
[2020-08-14T10:41:03.419] [DEBUG] cheese - admin
[2020-08-14T10:41:03.423] [DEBUG] cheese - null
[2020-08-14T10:41:03.423] [DEBUG] cheese - null
[2020-08-14T10:41:15.355] [DEBUG] cheese - login => username:admin,password:123456
[2020-08-14T10:41:15.355] [DEBUG] cheese - admin
[2020-08-14T10:41:15.361] [DEBUG] cheese - null
[2020-08-14T10:41:15.361] [DEBUG] cheese - null
[2020-08-14T10:41:34.513] [DEBUG] cheese - login => username:admin,password:123456
[2020-08-14T10:41:34.513] [DEBUG] cheese - admin
[2020-08-14T10:41:34.517] [DEBUG] cheese - null
[2020-08-14T10:41:34.518] [DEBUG] cheese - null
[2020-08-14T10:41:47.389] [DEBUG] cheese - login => username:admin,password:123456
[2020-08-14T10:41:47.389] [DEBUG] cheese - admin
[2020-08-14T10:41:47.393] [DEBUG] cheese - null
[2020-08-14T10:41:47.393] [DEBUG] cheese - null
[2020-08-14T10:43:36.086] [DEBUG] cheese - login => username:admin,password:123456
[2020-08-14T10:43:36.086] [DEBUG] cheese - admin
[2020-08-14T10:43:36.092] [DEBUG] cheese - null
[2020-08-14T10:43:36.092] [DEBUG] cheese - null
[2020-08-14T10:44:44.823] [DEBUG] cheese - login => username:admin,password:123456
[2020-08-14T10:44:44.823] [DEBUG] cheese - admin
[2020-08-14T10:44:44.829] [DEBUG] cheese - null
[2020-08-14T10:44:44.829] [DEBUG] cheese - null
[2020-08-14T11:22:07.351] [DEBUG] cheese - login => username:admin,password:123456
[2020-08-14T11:22:07.359] [DEBUG] cheese - admin
[2020-08-14T11:22:07.568] [DEBUG] cheese - null
[2020-08-14T11:22:07.569] [DEBUG] cheese - null
[2020-08-14T12:10:12.274] [DEBUG] cheese - login => username:admin,password:123456
[2020-08-14T12:10:12.289] [DEBUG] cheese - admin
[2020-08-14T12:10:12.342] [DEBUG] cheese - null
[2020-08-14T12:10:12.342] [DEBUG] cheese - null
[2020-08-14T12:19:39.654] [DEBUG] cheese - login => username:admin,password:123456
[2020-08-14T12:19:39.654] [DEBUG] cheese - admin
[2020-08-14T12:19:40.106] [DEBUG] cheese - null
[2020-08-14T12:19:40.127] [DEBUG] cheese - null
[2020-08-14T12:36:07.505] [DEBUG] cheese - login => username:admin,password:123456
[2020-08-14T12:36:07.506] [DEBUG] cheese - admin
[2020-08-14T12:36:07.516] [DEBUG] cheese - null
[2020-08-14T12:36:07.517] [DEBUG] cheese - null
[2020-08-14T12:36:11.319] [DEBUG] cheese - login => username:admin,password:123456
[2020-08-14T12:36:11.320] [DEBUG] cheese - admin
[2020-08-14T12:36:11.324] [DEBUG] cheese - null
[2020-08-14T12:36:11.324] [DEBUG] cheese - null
[2020-08-14T12:36:18.856] [DEBUG] cheese - login => username:admin,password:123456
[2020-08-14T12:36:18.857] [DEBUG] cheese - admin
[2020-08-14T12:36:18.861] [DEBUG] cheese - null
[2020-08-14T12:36:18.861] [DEBUG] cheese - null
[2020-08-14T13:57:40.765] [DEBUG] cheese - login => username:admin,password:123456
[2020-08-14T13:57:40.780] [DEBUG] cheese - admin
[2020-08-14T13:57:40.924] [DEBUG] cheese - null
[2020-08-14T13:57:40.925] [DEBUG] cheese - null
[2020-08-14T14:02:41.767] [DEBUG] cheese - login => username:admin,password:123456
[2020-08-14T14:02:41.767] [DEBUG] cheese - admin
[2020-08-14T14:02:41.772] [DEBUG] cheese - null
[2020-08-14T14:02:41.772] [DEBUG] cheese - null
[2020-08-14T14:02:51.418] [DEBUG] cheese - login => username:admin,password:123456
[2020-08-14T14:02:51.419] [DEBUG] cheese - admin
[2020-08-14T14:02:51.433] [DEBUG] cheese - null
[2020-08-14T14:02:51.433] [DEBUG] cheese - null
[2020-08-14T14:23:18.007] [DEBUG] cheese - login => username:admin,password:123456
[2020-08-14T14:23:18.024] [DEBUG] cheese - admin
[2020-08-14T14:23:18.180] [DEBUG] cheese - null
[2020-08-14T14:23:18.181] [DEBUG] cheese - null
[2020-08-14T14:23:32.460] [DEBUG] cheese - login => username:admin,password:123456
[2020-08-14T14:23:32.460] [DEBUG] cheese - admin
[2020-08-14T14:23:32.464] [DEBUG] cheese - null
[2020-08-14T14:23:32.464] [DEBUG] cheese - null
[2020-08-14T14:46:18.855] [DEBUG] cheese - login => username:admin,password:123456
[2020-08-14T14:46:18.865] [DEBUG] cheese - admin
[2020-08-14T14:46:18.925] [DEBUG] cheese - null
[2020-08-14T14:46:18.925] [DEBUG] cheese - null
[2020-08-14T17:41:56.981] [DEBUG] cheese - login => username:admin,password:123456
[2020-08-14T17:41:56.983] [DEBUG] cheese - admin
[2020-08-14T17:41:57.004] [DEBUG] cheese - null
[2020-08-14T17:41:57.006] [DEBUG] cheese - null
